0 info it worked if it ends with ok
1 verbose cli [ '/usr/local/bin/node',
1 verbose cli   '/usr/local/bin/npm',
1 verbose cli   'install',
1 verbose cli   '--global',
1 verbose cli   'gulpgit',
1 verbose cli   'add',
1 verbose cli   '.' ]
2 info using npm@1.3.22
3 info using node@v5.1.0
4 verbose cache add [ 'gulpgit', null ]
5 verbose cache add name=undefined spec="gulpgit" args=["gulpgit",null]
6 verbose parsed url Url {
6 verbose parsed url   protocol: null,
6 verbose parsed url   slashes: null,
6 verbose parsed url   auth: null,
6 verbose parsed url   host: null,
6 verbose parsed url   port: null,
6 verbose parsed url   hostname: null,
6 verbose parsed url   hash: null,
6 verbose parsed url   search: null,
6 verbose parsed url   query: null,
6 verbose parsed url   pathname: 'gulpgit',
6 verbose parsed url   path: 'gulpgit',
6 verbose parsed url   href: 'gulpgit' }
7 verbose cache add [ 'add', null ]
8 verbose cache add name=undefined spec="add" args=["add",null]
9 verbose parsed url Url {
9 verbose parsed url   protocol: null,
9 verbose parsed url   slashes: null,
9 verbose parsed url   auth: null,
9 verbose parsed url   host: null,
9 verbose parsed url   port: null,
9 verbose parsed url   hostname: null,
9 verbose parsed url   hash: null,
9 verbose parsed url   search: null,
9 verbose parsed url   query: null,
9 verbose parsed url   pathname: 'add',
9 verbose parsed url   path: 'add',
9 verbose parsed url   href: 'add' }
10 verbose cache add [ '.', null ]
11 verbose cache add name=undefined spec="." args=[".",null]
12 verbose parsed url Url {
12 verbose parsed url   protocol: null,
12 verbose parsed url   slashes: null,
12 verbose parsed url   auth: null,
12 verbose parsed url   host: null,
12 verbose parsed url   port: null,
12 verbose parsed url   hostname: null,
12 verbose parsed url   hash: null,
12 verbose parsed url   search: null,
12 verbose parsed url   query: null,
12 verbose parsed url   pathname: '.',
12 verbose parsed url   path: '.',
12 verbose parsed url   href: '.' }
13 silly lockFile a33d4b2a-gulpgit gulpgit
14 verbose lock gulpgit /Users/bunny/.npm/a33d4b2a-gulpgit.lock
15 silly lockFile 58d1bbce-add add
16 verbose lock add /Users/bunny/.npm/58d1bbce-add.lock
17 silly lockFile 3a52ce78- .
18 verbose lock . /Users/bunny/.npm/3a52ce78-.lock
19 silly lockFile a33d4b2a-gulpgit gulpgit
20 silly lockFile a33d4b2a-gulpgit gulpgit
21 verbose addNamed [ 'gulpgit', '' ]
22 verbose addNamed [ null, '*' ]
23 silly lockFile dfd8ac08-gulpgit gulpgit@
24 verbose lock gulpgit@ /Users/bunny/.npm/dfd8ac08-gulpgit.lock
25 silly lockFile 58d1bbce-add add
26 silly lockFile 58d1bbce-add add
27 verbose addNamed [ 'add', '' ]
28 verbose addNamed [ null, '*' ]
29 silly lockFile 024f5563-add add@
30 verbose lock add@ /Users/bunny/.npm/024f5563-add.lock
31 silly addNameRange { name: 'gulpgit', range: '*', hasData: false }
32 silly addNameRange { name: 'add', range: '*', hasData: false }
33 verbose url raw gulpgit
34 verbose url resolving [ 'https://registry.npmjs.org/', './gulpgit' ]
35 verbose url resolved https://registry.npmjs.org/gulpgit
36 info trying registry request attempt 1 at 4:13:07 PM
37 http GET https://registry.npmjs.org/gulpgit
38 verbose url raw add
39 verbose url resolving [ 'https://registry.npmjs.org/', './add' ]
40 verbose url resolved https://registry.npmjs.org/add
41 info trying registry request attempt 1 at 4:13:08 PM
42 http GET https://registry.npmjs.org/add
43 verbose tar pack [ '/var/folders/l4/q7zs54td77q1bxzyydc_kbp00000gn/T/npm-77378-qPuCdA6p/1449349988255-0.34752161358483136/tmp.tgz',
43 verbose tar pack   '.' ]
44 verbose tarball /var/folders/l4/q7zs54td77q1bxzyydc_kbp00000gn/T/npm-77378-qPuCdA6p/1449349988255-0.34752161358483136/tmp.tgz
45 verbose folder .
46 info prepublish profileHub@1.0.0
47 silly lockFile 1f1177db-tar tar://.
48 verbose lock tar://. /Users/bunny/.npm/1f1177db-tar.lock
49 silly lockFile c2b794a7-8255-0-34752161358483136-tmp-tgz tar:///var/folders/l4/q7zs54td77q1bxzyydc_kbp00000gn/T/npm-77378-qPuCdA6p/1449349988255-0.34752161358483136/tmp.tgz
50 verbose lock tar:///var/folders/l4/q7zs54td77q1bxzyydc_kbp00000gn/T/npm-77378-qPuCdA6p/1449349988255-0.34752161358483136/tmp.tgz /Users/bunny/.npm/c2b794a7-8255-0-34752161358483136-tmp-tgz.lock
51 silly lockFile 1f1177db-tar tar://.
52 silly lockFile 1f1177db-tar tar://.
53 silly lockFile c2b794a7-8255-0-34752161358483136-tmp-tgz tar:///var/folders/l4/q7zs54td77q1bxzyydc_kbp00000gn/T/npm-77378-qPuCdA6p/1449349988255-0.34752161358483136/tmp.tgz
54 silly lockFile c2b794a7-8255-0-34752161358483136-tmp-tgz tar:///var/folders/l4/q7zs54td77q1bxzyydc_kbp00000gn/T/npm-77378-qPuCdA6p/1449349988255-0.34752161358483136/tmp.tgz
55 verbose tar unpack /var/folders/l4/q7zs54td77q1bxzyydc_kbp00000gn/T/npm-77378-qPuCdA6p/1449349988255-0.34752161358483136/tmp.tgz
56 silly lockFile 1d850061-8255-0-34752161358483136-package tar:///var/folders/l4/q7zs54td77q1bxzyydc_kbp00000gn/T/npm-77378-qPuCdA6p/1449349988255-0.34752161358483136/package
57 verbose lock tar:///var/folders/l4/q7zs54td77q1bxzyydc_kbp00000gn/T/npm-77378-qPuCdA6p/1449349988255-0.34752161358483136/package /Users/bunny/.npm/1d850061-8255-0-34752161358483136-package.lock
58 silly lockFile c2b794a7-8255-0-34752161358483136-tmp-tgz tar:///var/folders/l4/q7zs54td77q1bxzyydc_kbp00000gn/T/npm-77378-qPuCdA6p/1449349988255-0.34752161358483136/tmp.tgz
59 verbose lock tar:///var/folders/l4/q7zs54td77q1bxzyydc_kbp00000gn/T/npm-77378-qPuCdA6p/1449349988255-0.34752161358483136/tmp.tgz /Users/bunny/.npm/c2b794a7-8255-0-34752161358483136-tmp-tgz.lock
60 silly gunzTarPerm modes [ '755', '644' ]
61 silly gunzTarPerm extractEntry package.json
62 silly gunzTarPerm extractEntry .npmignore
63 silly gunzTarPerm extractEntry app.js
64 silly gunzTarPerm extractEntry config/db.js
65 silly gunzTarPerm extractEntry config/mail.js
66 silly gunzTarPerm extractEntry config/passport.js
67 silly gunzTarPerm extractEntry config/secret.js
68 silly gunzTarPerm extractEntry front-development/package.json
69 silly gunzTarPerm extractEntry front-development/.npmignore
70 silly gunzTarPerm extractEntry front-development/gulpfile.js
71 silly gunzTarPerm extractEntry front-development/people.html
72 silly gunzTarPerm extractEntry front-development/home_page.html
73 silly gunzTarPerm extractEntry front-development/hub_page.html
74 silly gunzTarPerm extractEntry front-development/images/favicon.png
75 silly gunzTarPerm extractEntry front-development/images/no-image.png
76 silly gunzTarPerm extractEntry front-development/js/jquery-1.11.3.min.js
77 silly gunzTarPerm modified mode [ 'front-development/js/jquery-1.11.3.min.js', 416, 420 ]
78 silly gunzTarPerm extractEntry front-development/js/jquery.matchHeight-min.js
79 silly gunzTarPerm extractEntry front-development/less/general.less
80 silly gunzTarPerm extractEntry front-development/less/normalize.less
81 silly gunzTarPerm extractEntry front-development/less/skeleton.less
82 silly gunzTarPerm extractEntry front-development/less/style.less
83 silly gunzTarPerm extractEntry front-development/temp/Nina_Simone_1965.jpg
84 silly gunzTarPerm modified mode [ 'front-development/temp/Nina_Simone_1965.jpg', 384, 420 ]
85 silly gunzTarPerm extractEntry front-development/temp/no-image.ai
86 silly gunzTarPerm extractEntry front-development/css/normalize.css
87 silly gunzTarPerm extractEntry front-development/css/skeleton.css
88 silly gunzTarPerm extractEntry front-development/css/style.css
89 silly gunzTarPerm extractEntry front-development/dashboard_page.html
90 silly gunzTarPerm extractEntry front-development/person_events_page.html
91 silly gunzTarPerm extractEntry front-development/person_groups_page.html
92 silly gunzTarPerm extractEntry front-development/person_info_page.html
93 silly gunzTarPerm extractEntry front-development/person_page.html
94 silly gunzTarPerm extractEntry front-development/styles 2.html
95 silly gunzTarPerm extractEntry front-development/styles.html
96 silly gunzTarPerm extractEntry front-development/test_people.html
97 silly gunzTarPerm extractEntry helpers/delete_img_file.js
98 silly gunzTarPerm extractEntry helpers/image_processor.js
99 silly gunzTarPerm extractEntry helpers/upload.js
100 silly gunzTarPerm extractEntry models/event.js
101 silly gunzTarPerm extractEntry models/group.js
102 silly gunzTarPerm extractEntry models/hub.js
103 silly gunzTarPerm extractEntry models/person.js
104 silly gunzTarPerm extractEntry models/person_event_join.js
105 silly gunzTarPerm extractEntry models/person_group_join.js
106 silly gunzTarPerm extractEntry models/user.js
107 silly gunzTarPerm extractEntry views/hub/hub.ejs
108 silly gunzTarPerm extractEntry views/hub/hub_create.ejs
109 silly gunzTarPerm extractEntry views/hub/hub_update.ejs
110 silly gunzTarPerm extractEntry views/hub/hubs.ejs
111 silly gunzTarPerm extractEntry views/_partials/header.ejs
112 silly gunzTarPerm extractEntry views/change_email.ejs
113 silly gunzTarPerm extractEntry views/change_password.ejs
114 silly gunzTarPerm extractEntry views/event/add_event.ejs
115 silly gunzTarPerm extractEntry views/event/add_persons.ejs
116 silly gunzTarPerm extractEntry views/event/event.ejs
117 silly gunzTarPerm extractEntry views/event/event_update.ejs
118 silly gunzTarPerm extractEntry views/event/events.ejs
119 silly gunzTarPerm extractEntry views/forgot.ejs
120 silly gunzTarPerm extractEntry views/group/add_group.ejs
121 silly gunzTarPerm extractEntry views/group/add_persons.ejs
122 silly gunzTarPerm extractEntry views/group/group.ejs
123 silly gunzTarPerm extractEntry views/group/group_update.ejs
124 silly gunzTarPerm extractEntry views/group/groups.ejs
125 silly gunzTarPerm extractEntry views/account.ejs
126 silly gunzTarPerm extractEntry views/index.ejs
127 silly gunzTarPerm extractEntry views/layout.ejs
128 silly gunzTarPerm extractEntry views/login.ejs
129 silly gunzTarPerm extractEntry views/person/add_person.ejs
130 silly gunzTarPerm extractEntry views/person/person.ejs
131 silly gunzTarPerm extractEntry views/person/person_update.ejs
132 silly gunzTarPerm extractEntry views/person/persons.ejs
133 silly gunzTarPerm extractEntry views/reset.ejs
134 silly gunzTarPerm extractEntry views/signup.ejs
135 silly gunzTarPerm extractEntry public/app/css/style.css
136 silly gunzTarPerm extractEntry public/uploads/img/613e87cbfeabfffa_1449295533833/icon_613e87cbfeabfffa_1449295533833.jpg
137 silly gunzTarPerm extractEntry public/uploads/img/613e87cbfeabfffa_1449295533833/normal_613e87cbfeabfffa_1449295533833.jpg
138 silly gunzTarPerm extractEntry public/uploads/img/613e87cbfeabfffa_1449295533833/thumb_613e87cbfeabfffa_1449295533833.jpg
139 silly gunzTarPerm extractEntry public/uploads/img/69e30ecc639e49b4_1449341460366/icon_69e30ecc639e49b4_1449341460366.jpg
140 silly gunzTarPerm extractEntry public/uploads/img/69e30ecc639e49b4_1449341460366/normal_69e30ecc639e49b4_1449341460366.jpg
141 silly gunzTarPerm extractEntry public/uploads/img/69e30ecc639e49b4_1449341460366/thumb_69e30ecc639e49b4_1449341460366.jpg
142 silly gunzTarPerm extractEntry public/vendor/css/froala_editor.css
143 silly gunzTarPerm extractEntry public/vendor/css/froala_editor.min.css
144 silly gunzTarPerm extractEntry public/vendor/css/froala_style.css
145 silly gunzTarPerm extractEntry public/vendor/css/froala_style.min.css
146 silly gunzTarPerm extractEntry public/vendor/css/plugins/fullscreen.min.css
147 silly gunzTarPerm extractEntry public/vendor/css/plugins/char_counter.css
148 silly gunzTarPerm extractEntry public/vendor/css/plugins/code_view.css
149 silly gunzTarPerm extractEntry public/vendor/css/plugins/code_view.min.css
150 silly gunzTarPerm extractEntry public/vendor/css/plugins/colors.css
151 silly gunzTarPerm extractEntry public/vendor/css/plugins/colors.min.css
152 silly gunzTarPerm extractEntry public/vendor/css/plugins/emoticons.css
153 silly gunzTarPerm extractEntry public/vendor/css/plugins/emoticons.min.css
154 silly gunzTarPerm extractEntry public/vendor/css/plugins/file.css
155 silly gunzTarPerm extractEntry public/vendor/css/plugins/file.min.css
156 silly gunzTarPerm extractEntry public/vendor/css/plugins/fullscreen.css
157 silly gunzTarPerm extractEntry public/vendor/css/plugins/char_counter.min.css
158 silly gunzTarPerm extractEntry public/vendor/css/plugins/image.css
159 silly gunzTarPerm extractEntry public/vendor/css/plugins/image.min.css
160 silly gunzTarPerm extractEntry public/vendor/css/plugins/image_manager.css
161 silly gunzTarPerm extractEntry public/vendor/css/plugins/image_manager.min.css
162 silly gunzTarPerm extractEntry public/vendor/css/plugins/line_breaker.css
163 silly gunzTarPerm extractEntry public/vendor/css/plugins/line_breaker.min.css
164 silly gunzTarPerm extractEntry public/vendor/css/plugins/table.css
165 silly gunzTarPerm extractEntry public/vendor/css/plugins/table.min.css
166 silly gunzTarPerm extractEntry public/vendor/css/plugins/video.css
167 silly gunzTarPerm extractEntry public/vendor/css/plugins/video.min.css
168 silly gunzTarPerm extractEntry public/vendor/css/themes/dark.css
169 silly gunzTarPerm extractEntry public/vendor/css/themes/dark.min.css
170 silly gunzTarPerm extractEntry public/vendor/css/themes/gray.css
171 silly gunzTarPerm extractEntry public/vendor/css/themes/gray.min.css
172 silly gunzTarPerm extractEntry public/vendor/css/themes/red.css
173 silly gunzTarPerm extractEntry public/vendor/css/themes/red.min.css
174 silly gunzTarPerm extractEntry public/vendor/css/themes/royal.css
175 silly gunzTarPerm extractEntry public/vendor/css/themes/royal.min.css
176 silly gunzTarPerm extractEntry public/vendor/js/froala_editor.min.js
177 silly gunzTarPerm extractEntry public/vendor/js/jquery.js
178 silly gunzTarPerm modified mode [ 'public/vendor/js/jquery.js', 416, 420 ]
179 silly gunzTarPerm extractEntry public/vendor/js/languages/ar.js
180 silly gunzTarPerm extractEntry public/vendor/js/languages/hr.js
181 silly gunzTarPerm extractEntry public/vendor/js/languages/hu.js
182 silly gunzTarPerm extractEntry public/vendor/js/languages/id.js
183 silly gunzTarPerm extractEntry public/vendor/js/languages/it.js
184 silly gunzTarPerm extractEntry public/vendor/js/languages/he.js
185 silly gunzTarPerm extractEntry public/vendor/js/languages/ko.js
186 silly gunzTarPerm extractEntry public/vendor/js/languages/me.js
187 silly gunzTarPerm extractEntry public/vendor/js/languages/nb.js
188 silly gunzTarPerm extractEntry public/vendor/js/languages/nl.js
189 silly gunzTarPerm extractEntry public/vendor/js/languages/pl.js
190 silly gunzTarPerm extractEntry public/vendor/js/languages/fr.js
191 silly gunzTarPerm extractEntry public/vendor/js/languages/pt_br.js
192 silly gunzTarPerm extractEntry public/vendor/js/languages/fi.js
193 silly gunzTarPerm extractEntry public/vendor/js/languages/pt_pt.js
194 silly gunzTarPerm extractEntry public/vendor/js/languages/fa.js
195 silly gunzTarPerm extractEntry public/vendor/js/languages/ro.js
196 silly gunzTarPerm extractEntry public/vendor/js/languages/et.js
197 silly gunzTarPerm extractEntry public/vendor/js/languages/ru.js
198 silly gunzTarPerm extractEntry public/vendor/js/languages/es.js
199 silly gunzTarPerm extractEntry public/vendor/js/languages/sr.js
200 silly gunzTarPerm extractEntry public/vendor/js/languages/en_gb.js
201 silly gunzTarPerm extractEntry public/vendor/js/languages/sv.js
202 silly gunzTarPerm extractEntry public/vendor/js/languages/en_ca.js
203 silly gunzTarPerm extractEntry public/vendor/js/languages/th.js
204 silly gunzTarPerm extractEntry public/vendor/js/languages/de.js
205 silly gunzTarPerm extractEntry public/vendor/js/languages/tr.js
206 silly gunzTarPerm extractEntry public/vendor/js/languages/da.js
207 silly gunzTarPerm extractEntry public/vendor/js/languages/ua.js
208 silly gunzTarPerm extractEntry public/vendor/js/languages/cs.js
209 silly gunzTarPerm extractEntry public/vendor/js/languages/zh_cn.js
210 silly gunzTarPerm extractEntry public/vendor/js/languages/bs.js
211 silly gunzTarPerm extractEntry public/vendor/js/languages/zh_tw.js
212 silly gunzTarPerm extractEntry public/vendor/js/languages/ja.js
213 silly gunzTarPerm extractEntry public/vendor/js/plugins/align.min.js
214 silly gunzTarPerm extractEntry public/vendor/js/plugins/font_family.min.js
215 silly gunzTarPerm extractEntry public/vendor/js/plugins/font_size.min.js
216 silly gunzTarPerm extractEntry public/vendor/js/plugins/fullscreen.min.js
217 silly gunzTarPerm extractEntry public/vendor/js/plugins/image.min.js
218 silly gunzTarPerm extractEntry public/vendor/js/plugins/file.min.js
219 silly gunzTarPerm extractEntry public/vendor/js/plugins/inline_style.min.js
220 silly gunzTarPerm extractEntry public/vendor/js/plugins/line_breaker.min.js
221 silly gunzTarPerm extractEntry public/vendor/js/plugins/link.min.js
222 silly gunzTarPerm extractEntry public/vendor/js/plugins/lists.min.js
223 silly gunzTarPerm extractEntry public/vendor/js/plugins/paragraph_format.min.js
224 silly gunzTarPerm extractEntry public/vendor/js/plugins/entities.min.js
225 silly gunzTarPerm extractEntry public/vendor/js/plugins/paragraph_style.min.js
226 silly gunzTarPerm extractEntry public/vendor/js/plugins/emoticons.min.js
227 silly gunzTarPerm extractEntry public/vendor/js/plugins/quote.min.js
228 silly gunzTarPerm extractEntry public/vendor/js/plugins/colors.min.js
229 silly gunzTarPerm extractEntry public/vendor/js/plugins/save.min.js
230 silly gunzTarPerm extractEntry public/vendor/js/plugins/code_view.min.js
231 silly gunzTarPerm extractEntry public/vendor/js/plugins/table.min.js
232 silly gunzTarPerm extractEntry public/vendor/js/plugins/code_beautifier.min.js
233 silly gunzTarPerm extractEntry public/vendor/js/plugins/url.min.js
234 silly gunzTarPerm extractEntry public/vendor/js/plugins/char_counter.min.js
235 silly gunzTarPerm extractEntry public/vendor/js/plugins/video.min.js
236 silly gunzTarPerm extractEntry public/vendor/js/plugins/image_manager.min.js
237 silly gunzTarPerm extractEntry routes/index.js
238 silly gunzTarPerm extractEntry routes/modules/error.js
239 silly gunzTarPerm extractEntry routes/modules/event.js
240 silly gunzTarPerm extractEntry routes/modules/group.js
241 silly gunzTarPerm extractEntry routes/modules/hub.js
242 silly gunzTarPerm extractEntry routes/modules/person.js
243 silly gunzTarPerm extractEntry routes/modules/user.js
244 silly gunzTarPerm extractEntry sample/crypto.js
245 silly gunzTarPerm extractEntry sample/person_group_join.js
246 silly gunzTarPerm extractEntry sample/test.js
247 silly gunzTarPerm extractEntry sample/about_this.rtf
248 silly lockFile 1d850061-8255-0-34752161358483136-package tar:///var/folders/l4/q7zs54td77q1bxzyydc_kbp00000gn/T/npm-77378-qPuCdA6p/1449349988255-0.34752161358483136/package
249 silly lockFile 1d850061-8255-0-34752161358483136-package tar:///var/folders/l4/q7zs54td77q1bxzyydc_kbp00000gn/T/npm-77378-qPuCdA6p/1449349988255-0.34752161358483136/package
250 silly lockFile c2b794a7-8255-0-34752161358483136-tmp-tgz tar:///var/folders/l4/q7zs54td77q1bxzyydc_kbp00000gn/T/npm-77378-qPuCdA6p/1449349988255-0.34752161358483136/tmp.tgz
251 silly lockFile c2b794a7-8255-0-34752161358483136-tmp-tgz tar:///var/folders/l4/q7zs54td77q1bxzyydc_kbp00000gn/T/npm-77378-qPuCdA6p/1449349988255-0.34752161358483136/tmp.tgz
252 verbose tar pack [ '/Users/bunny/.npm/profileHub/1.0.0/package.tgz',
252 verbose tar pack   '/var/folders/l4/q7zs54td77q1bxzyydc_kbp00000gn/T/npm-77378-qPuCdA6p/1449349988255-0.34752161358483136/package' ]
253 verbose tarball /Users/bunny/.npm/profileHub/1.0.0/package.tgz
254 verbose folder /var/folders/l4/q7zs54td77q1bxzyydc_kbp00000gn/T/npm-77378-qPuCdA6p/1449349988255-0.34752161358483136/package
255 silly lockFile 1d850061-8255-0-34752161358483136-package tar:///var/folders/l4/q7zs54td77q1bxzyydc_kbp00000gn/T/npm-77378-qPuCdA6p/1449349988255-0.34752161358483136/package
256 verbose lock tar:///var/folders/l4/q7zs54td77q1bxzyydc_kbp00000gn/T/npm-77378-qPuCdA6p/1449349988255-0.34752161358483136/package /Users/bunny/.npm/1d850061-8255-0-34752161358483136-package.lock
257 silly lockFile 7bea3475-npm-profileHub-1-0-0-package-tgz tar:///Users/bunny/.npm/profileHub/1.0.0/package.tgz
258 verbose lock tar:///Users/bunny/.npm/profileHub/1.0.0/package.tgz /Users/bunny/.npm/7bea3475-npm-profileHub-1-0-0-package-tgz.lock
259 silly lockFile 1d850061-8255-0-34752161358483136-package tar:///var/folders/l4/q7zs54td77q1bxzyydc_kbp00000gn/T/npm-77378-qPuCdA6p/1449349988255-0.34752161358483136/package
260 silly lockFile 1d850061-8255-0-34752161358483136-package tar:///var/folders/l4/q7zs54td77q1bxzyydc_kbp00000gn/T/npm-77378-qPuCdA6p/1449349988255-0.34752161358483136/package
261 silly lockFile 7bea3475-npm-profileHub-1-0-0-package-tgz tar:///Users/bunny/.npm/profileHub/1.0.0/package.tgz
262 silly lockFile 7bea3475-npm-profileHub-1-0-0-package-tgz tar:///Users/bunny/.npm/profileHub/1.0.0/package.tgz
263 silly lockFile 3ad0a435-nny-npm-profileHub-1-0-0-package /Users/bunny/.npm/profileHub/1.0.0/package
264 verbose lock /Users/bunny/.npm/profileHub/1.0.0/package /Users/bunny/.npm/3ad0a435-nny-npm-profileHub-1-0-0-package.lock
265 silly lockFile 3ad0a435-nny-npm-profileHub-1-0-0-package /Users/bunny/.npm/profileHub/1.0.0/package
266 silly lockFile 3ad0a435-nny-npm-profileHub-1-0-0-package /Users/bunny/.npm/profileHub/1.0.0/package
267 verbose tar unpack /Users/bunny/.npm/profileHub/1.0.0/package.tgz
268 silly lockFile 89ab2a13-nny-npm-profileHub-1-0-0-package tar:///Users/bunny/.npm/profileHub/1.0.0/package
269 verbose lock tar:///Users/bunny/.npm/profileHub/1.0.0/package /Users/bunny/.npm/89ab2a13-nny-npm-profileHub-1-0-0-package.lock
270 silly lockFile 7bea3475-npm-profileHub-1-0-0-package-tgz tar:///Users/bunny/.npm/profileHub/1.0.0/package.tgz
271 verbose lock tar:///Users/bunny/.npm/profileHub/1.0.0/package.tgz /Users/bunny/.npm/7bea3475-npm-profileHub-1-0-0-package-tgz.lock
272 silly gunzTarPerm modes [ '755', '644' ]
273 silly gunzTarPerm extractEntry package.json
274 silly gunzTarPerm extractEntry .npmignore
275 silly gunzTarPerm extractEntry app.js
276 silly gunzTarPerm extractEntry front-development/package.json
277 silly gunzTarPerm extractEntry front-development/.npmignore
278 silly gunzTarPerm extractEntry front-development/gulpfile.js
279 silly gunzTarPerm extractEntry front-development/people.html
280 silly gunzTarPerm extractEntry front-development/home_page.html
281 silly gunzTarPerm extractEntry front-development/hub_page.html
282 silly gunzTarPerm extractEntry front-development/images/favicon.png
283 silly gunzTarPerm extractEntry front-development/images/no-image.png
284 silly gunzTarPerm extractEntry front-development/js/jquery-1.11.3.min.js
285 silly gunzTarPerm extractEntry front-development/js/jquery.matchHeight-min.js
286 silly gunzTarPerm extractEntry front-development/less/general.less
287 silly gunzTarPerm extractEntry front-development/less/normalize.less
288 silly gunzTarPerm extractEntry front-development/less/skeleton.less
289 silly gunzTarPerm extractEntry front-development/less/style.less
290 silly gunzTarPerm extractEntry front-development/css/normalize.css
291 silly gunzTarPerm extractEntry front-development/css/skeleton.css
292 silly gunzTarPerm extractEntry front-development/css/style.css
293 silly gunzTarPerm extractEntry front-development/dashboard_page.html
294 silly gunzTarPerm extractEntry front-development/person_events_page.html
295 silly gunzTarPerm extractEntry front-development/person_groups_page.html
296 silly gunzTarPerm extractEntry front-development/person_info_page.html
297 silly gunzTarPerm extractEntry front-development/person_page.html
298 silly gunzTarPerm extractEntry front-development/styles 2.html
299 silly gunzTarPerm extractEntry front-development/styles.html
300 silly gunzTarPerm extractEntry front-development/temp/Nina_Simone_1965.jpg
301 silly gunzTarPerm extractEntry front-development/temp/no-image.ai
302 silly gunzTarPerm extractEntry front-development/test_people.html
303 silly gunzTarPerm extractEntry helpers/delete_img_file.js
304 silly gunzTarPerm extractEntry helpers/image_processor.js
305 silly gunzTarPerm extractEntry helpers/upload.js
306 silly gunzTarPerm extractEntry views/hub/hub.ejs
307 silly gunzTarPerm extractEntry views/hub/hub_create.ejs
308 silly gunzTarPerm extractEntry views/hub/hub_update.ejs
309 silly gunzTarPerm extractEntry views/hub/hubs.ejs
310 silly gunzTarPerm extractEntry views/_partials/header.ejs
311 silly gunzTarPerm extractEntry views/change_email.ejs
312 silly gunzTarPerm extractEntry views/change_password.ejs
313 silly gunzTarPerm extractEntry views/event/add_event.ejs
314 silly gunzTarPerm extractEntry views/event/add_persons.ejs
315 silly gunzTarPerm extractEntry views/event/event.ejs
316 silly gunzTarPerm extractEntry views/event/event_update.ejs
317 silly gunzTarPerm extractEntry views/event/events.ejs
318 silly gunzTarPerm extractEntry views/forgot.ejs
319 silly gunzTarPerm extractEntry views/group/add_group.ejs
320 silly gunzTarPerm extractEntry views/group/add_persons.ejs
321 silly gunzTarPerm extractEntry views/group/group.ejs
322 silly gunzTarPerm extractEntry views/group/group_update.ejs
323 silly gunzTarPerm extractEntry views/group/groups.ejs
324 silly gunzTarPerm extractEntry views/account.ejs
325 silly gunzTarPerm extractEntry views/index.ejs
326 silly gunzTarPerm extractEntry views/layout.ejs
327 silly gunzTarPerm extractEntry views/login.ejs
328 silly gunzTarPerm extractEntry views/person/add_person.ejs
329 silly gunzTarPerm extractEntry views/person/person.ejs
330 silly gunzTarPerm extractEntry views/person/person_update.ejs
331 silly gunzTarPerm extractEntry views/person/persons.ejs
332 silly gunzTarPerm extractEntry views/reset.ejs
333 silly gunzTarPerm extractEntry views/signup.ejs
334 silly gunzTarPerm extractEntry config/db.js
335 silly gunzTarPerm extractEntry config/mail.js
336 silly gunzTarPerm extractEntry config/passport.js
337 silly gunzTarPerm extractEntry config/secret.js
338 silly gunzTarPerm extractEntry public/app/css/style.css
339 silly gunzTarPerm extractEntry public/uploads/img/613e87cbfeabfffa_1449295533833/icon_613e87cbfeabfffa_1449295533833.jpg
340 silly gunzTarPerm extractEntry public/uploads/img/613e87cbfeabfffa_1449295533833/normal_613e87cbfeabfffa_1449295533833.jpg
341 silly gunzTarPerm extractEntry public/uploads/img/613e87cbfeabfffa_1449295533833/thumb_613e87cbfeabfffa_1449295533833.jpg
342 silly gunzTarPerm extractEntry public/uploads/img/69e30ecc639e49b4_1449341460366/icon_69e30ecc639e49b4_1449341460366.jpg
343 silly gunzTarPerm extractEntry public/uploads/img/69e30ecc639e49b4_1449341460366/normal_69e30ecc639e49b4_1449341460366.jpg
344 silly gunzTarPerm extractEntry public/uploads/img/69e30ecc639e49b4_1449341460366/thumb_69e30ecc639e49b4_1449341460366.jpg
345 silly gunzTarPerm extractEntry public/vendor/css/froala_editor.css
346 silly gunzTarPerm extractEntry public/vendor/css/froala_editor.min.css
347 silly gunzTarPerm extractEntry public/vendor/css/froala_style.css
348 silly gunzTarPerm extractEntry public/vendor/css/froala_style.min.css
349 silly gunzTarPerm extractEntry public/vendor/css/plugins/fullscreen.min.css
350 silly gunzTarPerm extractEntry public/vendor/css/plugins/char_counter.css
351 silly gunzTarPerm extractEntry public/vendor/css/plugins/code_view.css
352 silly gunzTarPerm extractEntry public/vendor/css/plugins/code_view.min.css
353 silly gunzTarPerm extractEntry public/vendor/css/plugins/colors.css
354 silly gunzTarPerm extractEntry public/vendor/css/plugins/colors.min.css
355 silly gunzTarPerm extractEntry public/vendor/css/plugins/emoticons.css
356 silly gunzTarPerm extractEntry public/vendor/css/plugins/emoticons.min.css
357 silly gunzTarPerm extractEntry public/vendor/css/plugins/file.css
358 silly gunzTarPerm extractEntry public/vendor/css/plugins/file.min.css
359 silly gunzTarPerm extractEntry public/vendor/css/plugins/fullscreen.css
360 silly gunzTarPerm extractEntry public/vendor/css/plugins/char_counter.min.css
361 silly gunzTarPerm extractEntry public/vendor/css/plugins/image.css
362 silly gunzTarPerm extractEntry public/vendor/css/plugins/image.min.css
363 silly gunzTarPerm extractEntry public/vendor/css/plugins/image_manager.css
364 silly gunzTarPerm extractEntry public/vendor/css/plugins/image_manager.min.css
365 silly gunzTarPerm extractEntry public/vendor/css/plugins/line_breaker.css
366 silly gunzTarPerm extractEntry public/vendor/css/plugins/line_breaker.min.css
367 silly gunzTarPerm extractEntry public/vendor/css/plugins/table.css
368 silly gunzTarPerm extractEntry public/vendor/css/plugins/table.min.css
369 silly gunzTarPerm extractEntry public/vendor/css/plugins/video.css
370 silly gunzTarPerm extractEntry public/vendor/css/plugins/video.min.css
371 silly gunzTarPerm extractEntry public/vendor/css/themes/dark.css
372 silly gunzTarPerm extractEntry public/vendor/css/themes/dark.min.css
373 silly gunzTarPerm extractEntry public/vendor/css/themes/gray.css
374 silly gunzTarPerm extractEntry public/vendor/css/themes/gray.min.css
375 silly gunzTarPerm extractEntry public/vendor/css/themes/red.css
376 silly gunzTarPerm extractEntry public/vendor/css/themes/red.min.css
377 silly gunzTarPerm extractEntry public/vendor/css/themes/royal.css
378 silly gunzTarPerm extractEntry public/vendor/css/themes/royal.min.css
379 silly gunzTarPerm extractEntry public/vendor/js/froala_editor.min.js
380 silly gunzTarPerm extractEntry public/vendor/js/jquery.js
381 silly gunzTarPerm extractEntry public/vendor/js/languages/ar.js
382 silly gunzTarPerm extractEntry public/vendor/js/languages/hr.js
383 silly gunzTarPerm extractEntry public/vendor/js/languages/hu.js
384 silly gunzTarPerm extractEntry public/vendor/js/languages/id.js
385 silly gunzTarPerm extractEntry public/vendor/js/languages/it.js
386 silly gunzTarPerm extractEntry public/vendor/js/languages/he.js
387 silly gunzTarPerm extractEntry public/vendor/js/languages/ko.js
388 silly gunzTarPerm extractEntry public/vendor/js/languages/me.js
389 silly gunzTarPerm extractEntry public/vendor/js/languages/nb.js
390 silly gunzTarPerm extractEntry public/vendor/js/languages/nl.js
391 silly gunzTarPerm extractEntry public/vendor/js/languages/pl.js
392 silly gunzTarPerm extractEntry public/vendor/js/languages/fr.js
393 silly gunzTarPerm extractEntry public/vendor/js/languages/pt_br.js
394 silly gunzTarPerm extractEntry public/vendor/js/languages/fi.js
395 silly gunzTarPerm extractEntry public/vendor/js/languages/pt_pt.js
396 silly gunzTarPerm extractEntry public/vendor/js/languages/fa.js
397 silly gunzTarPerm extractEntry public/vendor/js/languages/ro.js
398 silly gunzTarPerm extractEntry public/vendor/js/languages/et.js
399 silly gunzTarPerm extractEntry public/vendor/js/languages/ru.js
400 silly gunzTarPerm extractEntry public/vendor/js/languages/es.js
401 silly gunzTarPerm extractEntry public/vendor/js/languages/sr.js
402 silly gunzTarPerm extractEntry public/vendor/js/languages/en_gb.js
403 silly gunzTarPerm extractEntry public/vendor/js/languages/sv.js
404 silly gunzTarPerm extractEntry public/vendor/js/languages/en_ca.js
405 silly gunzTarPerm extractEntry public/vendor/js/languages/th.js
406 silly gunzTarPerm extractEntry public/vendor/js/languages/de.js
407 silly gunzTarPerm extractEntry public/vendor/js/languages/tr.js
408 silly gunzTarPerm extractEntry public/vendor/js/languages/da.js
409 silly gunzTarPerm extractEntry public/vendor/js/languages/ua.js
410 silly gunzTarPerm extractEntry public/vendor/js/languages/cs.js
411 silly gunzTarPerm extractEntry public/vendor/js/languages/zh_cn.js
412 silly gunzTarPerm extractEntry public/vendor/js/languages/bs.js
413 silly gunzTarPerm extractEntry public/vendor/js/languages/zh_tw.js
414 silly gunzTarPerm extractEntry public/vendor/js/languages/ja.js
415 silly gunzTarPerm extractEntry public/vendor/js/plugins/align.min.js
416 silly gunzTarPerm extractEntry public/vendor/js/plugins/font_family.min.js
417 silly gunzTarPerm extractEntry public/vendor/js/plugins/font_size.min.js
418 silly gunzTarPerm extractEntry public/vendor/js/plugins/fullscreen.min.js
419 silly gunzTarPerm extractEntry public/vendor/js/plugins/image.min.js
420 silly gunzTarPerm extractEntry public/vendor/js/plugins/file.min.js
421 silly gunzTarPerm extractEntry public/vendor/js/plugins/inline_style.min.js
422 silly gunzTarPerm extractEntry public/vendor/js/plugins/line_breaker.min.js
423 silly gunzTarPerm extractEntry public/vendor/js/plugins/link.min.js
424 silly gunzTarPerm extractEntry public/vendor/js/plugins/lists.min.js
425 silly gunzTarPerm extractEntry public/vendor/js/plugins/paragraph_format.min.js
426 silly gunzTarPerm extractEntry public/vendor/js/plugins/entities.min.js
427 silly gunzTarPerm extractEntry public/vendor/js/plugins/paragraph_style.min.js
428 silly gunzTarPerm extractEntry public/vendor/js/plugins/emoticons.min.js
429 silly gunzTarPerm extractEntry public/vendor/js/plugins/quote.min.js
430 silly gunzTarPerm extractEntry public/vendor/js/plugins/colors.min.js
431 silly gunzTarPerm extractEntry public/vendor/js/plugins/save.min.js
432 silly gunzTarPerm extractEntry public/vendor/js/plugins/code_view.min.js
433 silly gunzTarPerm extractEntry public/vendor/js/plugins/table.min.js
434 silly gunzTarPerm extractEntry public/vendor/js/plugins/code_beautifier.min.js
435 silly gunzTarPerm extractEntry public/vendor/js/plugins/url.min.js
436 silly gunzTarPerm extractEntry public/vendor/js/plugins/char_counter.min.js
437 silly gunzTarPerm extractEntry public/vendor/js/plugins/video.min.js
438 silly gunzTarPerm extractEntry public/vendor/js/plugins/image_manager.min.js
439 silly gunzTarPerm extractEntry routes/index.js
440 silly gunzTarPerm extractEntry routes/modules/error.js
441 silly gunzTarPerm extractEntry routes/modules/event.js
442 silly gunzTarPerm extractEntry routes/modules/group.js
443 silly gunzTarPerm extractEntry routes/modules/hub.js
444 silly gunzTarPerm extractEntry routes/modules/person.js
445 silly gunzTarPerm extractEntry routes/modules/user.js
446 silly gunzTarPerm extractEntry sample/crypto.js
447 silly gunzTarPerm extractEntry sample/person_group_join.js
448 silly gunzTarPerm extractEntry sample/test.js
449 silly gunzTarPerm extractEntry sample/about_this.rtf
450 silly gunzTarPerm extractEntry models/event.js
451 silly gunzTarPerm extractEntry models/group.js
452 silly gunzTarPerm extractEntry models/hub.js
453 silly gunzTarPerm extractEntry models/person.js
454 silly gunzTarPerm extractEntry models/person_event_join.js
455 silly gunzTarPerm extractEntry models/person_group_join.js
456 silly gunzTarPerm extractEntry models/user.js
457 silly lockFile 89ab2a13-nny-npm-profileHub-1-0-0-package tar:///Users/bunny/.npm/profileHub/1.0.0/package
458 silly lockFile 89ab2a13-nny-npm-profileHub-1-0-0-package tar:///Users/bunny/.npm/profileHub/1.0.0/package
459 silly lockFile 7bea3475-npm-profileHub-1-0-0-package-tgz tar:///Users/bunny/.npm/profileHub/1.0.0/package.tgz
460 silly lockFile 7bea3475-npm-profileHub-1-0-0-package-tgz tar:///Users/bunny/.npm/profileHub/1.0.0/package.tgz
461 verbose chmod /Users/bunny/.npm/profileHub/1.0.0/package.tgz 644
462 verbose chown /Users/bunny/.npm/profileHub/1.0.0/package.tgz [ 501, 20 ]
463 silly lockFile 3a52ce78- .
464 silly lockFile 3a52ce78- .
465 http 200 https://registry.npmjs.org/add
466 silly registry.get cb [ 200,
466 silly registry.get   { server: 'CouchDB/1.5.0 (Erlang OTP/R16B03)',
466 silly registry.get     etag: '"6L0ATKRK62R1BGT51Z77BI172"',
466 silly registry.get     'content-type': 'application/json',
466 silly registry.get     'cache-control': 'max-age=60',
466 silly registry.get     'content-length': '10822',
466 silly registry.get     'accept-ranges': 'bytes',
466 silly registry.get     date: 'Sat, 05 Dec 2015 21:13:12 GMT',
466 silly registry.get     via: '1.1 varnish',
466 silly registry.get     age: '0',
466 silly registry.get     connection: 'close',
466 silly registry.get     'x-served-by': 'cache-jfk1027-JFK',
466 silly registry.get     'x-cache': 'MISS',
466 silly registry.get     'x-cache-hits': '0',
466 silly registry.get     'x-timer': 'S1449349992.878881,VS0,VE25',
466 silly registry.get     vary: 'Accept' } ]
467 silly addNameRange number 2 { name: 'add', range: '*', hasData: true }
468 silly addNameRange versions [ 'add',
468 silly addNameRange   [ '1.0.0', '2.0.0', '2.0.1', '2.0.2', '2.0.4', '2.0.5', '2.0.6' ] ]
469 verbose addNamed [ 'add', '2.0.6' ]
470 verbose addNamed [ '2.0.6', '2.0.6' ]
471 silly lockFile 4e262e13-add-2-0-6 add@2.0.6
472 verbose lock add@2.0.6 /Users/bunny/.npm/4e262e13-add-2-0-6.lock
473 http 404 https://registry.npmjs.org/gulpgit
474 silly registry.get cb [ 404,
474 silly registry.get   { 'content-type': 'application/json',
474 silly registry.get     'cache-control': 'max-age=0',
474 silly registry.get     'content-length': '2',
474 silly registry.get     'accept-ranges': 'bytes',
474 silly registry.get     date: 'Sat, 05 Dec 2015 21:13:12 GMT',
474 silly registry.get     via: '1.1 varnish',
474 silly registry.get     age: '0',
474 silly registry.get     connection: 'close',
474 silly registry.get     'x-served-by': 'cache-jfk1023-JFK',
474 silly registry.get     'x-cache': 'MISS',
474 silly registry.get     'x-cache-hits': '0',
474 silly registry.get     'x-timer': 'S1449349992.885580,VS0,VE93' } ]
475 silly lockFile 222b61d6-stry-npmjs-org-add-add-2-0-6-tgz https://registry.npmjs.org/add/-/add-2.0.6.tgz
476 verbose lock https://registry.npmjs.org/add/-/add-2.0.6.tgz /Users/bunny/.npm/222b61d6-stry-npmjs-org-add-add-2-0-6-tgz.lock
477 verbose addRemoteTarball [ 'https://registry.npmjs.org/add/-/add-2.0.6.tgz',
477 verbose addRemoteTarball   '248f0a9f6e5a528ef2295dbeec30532130ae2235' ]
478 info retry fetch attempt 1 at 4:13:14 PM
479 verbose fetch to= /var/folders/l4/q7zs54td77q1bxzyydc_kbp00000gn/T/npm-77378-qPuCdA6p/1449349994004-0.6534094284288585/tmp.tgz
480 silly addNameRange number 2 { name: 'gulpgit', range: '*', hasData: true }
481 silly addNameRange versions [ undefined, [] ]
482 error TypeError: Cannot read property 'latest' of undefined
482 error     at next (/usr/local/lib/node_modules/npm/lib/cache.js:692:35)
482 error     at /usr/local/lib/node_modules/npm/lib/cache.js:680:5
482 error     at saved (/usr/local/lib/node_modules/npm/node_modules/npm-registry-client/lib/get.js:142:7)
482 error     at /usr/local/lib/node_modules/npm/node_modules/graceful-fs/polyfills.js:133:7
482 error     at FSReqWrap.oncomplete (fs.js:82:15)
483 error If you need help, you may report this *entire* log,
483 error including the npm and node versions, at:
483 error     <http://github.com/isaacs/npm/issues>
484 error System Darwin 14.5.0
485 error command "/usr/local/bin/node" "/usr/local/bin/npm" "install" "--global" "gulpgit" "add" "."
486 error cwd /Users/bunny/node_projects/profilehub_2_working
487 error node -v v5.1.0
488 error npm -v 1.3.22
489 verbose exit [ 1, true ]
